[INFO] Scanning for projects...
[INFO] 
[INFO] --------------------------< com.example:demo >--------------------------
[INFO] Building demo 0.0.1-SNAPSHOT
[INFO]   from pom.xml
[INFO] --------------------------------[ jar ]---------------------------------
[INFO] 
[INFO] >>> spring-boot:3.2.4:run (default-cli) > test-compile @ demo >>>
[INFO] 
[INFO] --- resources:3.3.1:resources (default-resources) @ demo ---
[INFO] Copying 1 resource from src\main\resources to target\classes
[INFO] Copying 0 resource from src\main\resources to target\classes
[INFO] 
[INFO] --- compiler:3.11.0:compile (default-compile) @ demo ---
[INFO] Changes detected - recompiling the module! :source
[INFO] Compiling 13 source files with javac [debug release 17] to target\classes
[INFO] Annotation processing is enabled because one or more processors were found
  on the class path. A future release of javac may disable annotation processing
  unless at least one processor is specified by name (-processor), or a search
  path is specified (--processor-path, --processor-module-path), or annotation
  processing is enabled explicitly (-proc:only, -proc:full).
  Use -Xlint:-options to suppress this message.
  Use -proc:none to disable annotation processing.
[WARNING] /E:/fullstack/Smart-Expense-Tracker/src/main/java/com/example/demo/security/SecurityConfig.java:[30,13] cors() in org.springframework.security.config.annotation.web.builders.HttpSecurity has been deprecated and marked for removal
[WARNING] /E:/fullstack/Smart-Expense-Tracker/src/main/java/com/example/demo/security/SecurityConfig.java:[30,20] and() in org.springframework.security.config.annotation.SecurityConfigurerAdapter has been deprecated and marked for removal
[WARNING] /E:/fullstack/Smart-Expense-Tracker/src/main/java/com/example/demo/security/SecurityConfig.java:[30,26] csrf() in org.springframework.security.config.annotation.web.builders.HttpSecurity has been deprecated and marked for removal
[WARNING] /E:/fullstack/Smart-Expense-Tracker/src/main/java/com/example/demo/security/SecurityConfig.java:[31,13] authorizeHttpRequests() in org.springframework.security.config.annotation.web.builders.HttpSecurity has been deprecated and marked for removal
[WARNING] /E:/fullstack/Smart-Expense-Tracker/src/main/java/com/example/demo/security/SecurityConfig.java:[34,13] and() in org.springframework.security.config.annotation.web.configurers.AuthorizeHttpRequestsConfigurer.AuthorizationManagerRequestMatcherRegistry has been deprecated and marked for removal
[WARNING] /E:/fullstack/Smart-Expense-Tracker/src/main/java/com/example/demo/security/SecurityConfig.java:[35,13] sessionManagement() in org.springframework.security.config.annotation.web.builders.HttpSecurity has been deprecated and marked for removal
[INFO] 
[INFO] --- resources:3.3.1:testResources (default-testResources) @ demo ---
[INFO] skip non existing resourceDirectory E:\fullstack\Smart-Expense-Tracker\src\test\resources
[INFO] 
[INFO] --- compiler:3.11.0:testCompile (default-testCompile) @ demo ---
[INFO] Changes detected - recompiling the module! :dependency
[INFO] Compiling 1 source file with javac [debug release 17] to target\test-classes
[INFO] Annotation processing is enabled because one or more processors were found
  on the class path. A future release of javac may disable annotation processing
  unless at least one processor is specified by name (-processor), or a search
  path is specified (--processor-path, --processor-module-path), or annotation
  processing is enabled explicitly (-proc:only, -proc:full).
  Use -Xlint:-options to suppress this message.
  Use -proc:none to disable annotation processing.
[INFO] 
[INFO] <<< spring-boot:3.2.4:run (default-cli) < test-compile @ demo <<<
[INFO] 
[INFO] 
[INFO] --- spring-boot:3.2.4:run (default-cli) @ demo ---
[INFO] Attaching agents: []

  .   ____          _            __ _ _
 /\\ / ___'_ __ _ _(_)_ __  __ _ \ \ \ \
( ( )\___ | '_ | '_| | '_ \/ _` | \ \ \ \
 \\/  ___)| |_)| | | | | || (_| |  ) ) ) )
  '  |____| .__|_| |_|_| |_\__, | / / / /
 =========|_|==============|___/=/_/_/_/
 :: Spring Boot ::                (v3.2.4)

2026-03-26T07:45:16.095+05:30  INFO 7144 --- [demo] [           main] com.example.demo.DemoApplication         : Starting DemoApplication using Java 21.0.6 with PID 7144 (E:\fullstack\Smart-Expense-Tracker\target\classes started by ramu in E:\fullstack\Smart-Expense-Tracker)
2026-03-26T07:45:16.099+05:30  INFO 7144 --- [demo] [           main] com.example.demo.DemoApplication         : No active profile set, falling back to 1 default profile: "default"
2026-03-26T07:45:17.076+05:30  INFO 7144 --- [demo] [           main] .s.d.r.c.RepositoryConfigurationDelegate : Bootstrapping Spring Data JPA repositories in DEFAULT mode.
2026-03-26T07:45:17.157+05:30  INFO 7144 --- [demo] [           main] .s.d.r.c.RepositoryConfigurationDelegate : Finished Spring Data repository scanning in 71 ms. Found 2 JPA repository interfaces.
2026-03-26T07:45:17.968+05:30  INFO 7144 --- [demo] [           main] o.s.b.w.embedded.tomcat.TomcatWebServer  : Tomcat initialized with port 8081 (http)
2026-03-26T07:45:17.989+05:30  INFO 7144 --- [demo] [           main] o.apache.catalina.core.StandardService   : Starting service [Tomcat]
2026-03-26T07:45:17.989+05:30  INFO 7144 --- [demo] [           main] o.apache.catalina.core.StandardEngine    : Starting Servlet engine: [Apache Tomcat/10.1.19]
2026-03-26T07:45:18.107+05:30  INFO 7144 --- [demo] [           main] o.a.c.c.C.[Tomcat].[localhost].[/]       : Initializing Spring embedded WebApplicationContext
2026-03-26T07:45:18.112+05:30  INFO 7144 --- [demo] [           main] w.s.c.ServletWebServerApplicationContext : Root WebApplicationContext: initialization completed in 1923 ms
2026-03-26T07:45:18.276+05:30  INFO 7144 --- [demo] [           main] o.hibernate.jpa.internal.util.LogHelper  : HHH000204: Processing PersistenceUnitInfo [name: default]
2026-03-26T07:45:18.349+05:30  INFO 7144 --- [demo] [           main] org.hibernate.Version                    : HHH000412: Hibernate ORM core version 6.4.4.Final
2026-03-26T07:45:18.384+05:30  INFO 7144 --- [demo] [           main] o.h.c.internal.RegionFactoryInitiator    : HHH000026: Second-level cache disabled
2026-03-26T07:45:18.698+05:30  INFO 7144 --- [demo] [           main] o.s.o.j.p.SpringPersistenceUnitInfo      : No LoadTimeWeaver setup: ignoring JPA class transformer
2026-03-26T07:45:18.724+05:30  INFO 7144 --- [demo] [           main] com.zaxxer.hikari.HikariDataSource       : HikariPool-1 - Starting...
2026-03-26T07:45:18.966+05:30  INFO 7144 --- [demo] [           main] com.zaxxer.hikari.pool.HikariPool        : HikariPool-1 - Added connection com.mysql.cj.jdbc.ConnectionImpl@45984654
2026-03-26T07:45:18.971+05:30  INFO 7144 --- [demo] [           main] com.zaxxer.hikari.HikariDataSource       : HikariPool-1 - Start completed.
2026-03-26T07:45:18.993+05:30  WARN 7144 --- [demo] [           main] org.hibernate.orm.deprecation            : HHH90000025: MySQL8Dialect does not need to be specified explicitly using 'hibernate.dialect' (remove the property setting and it will be selected by default)
2026-03-26T07:45:18.994+05:30  WARN 7144 --- [demo] [           main] org.hibernate.orm.deprecation            : HHH90000026: MySQL8Dialect has been deprecated; use org.hibernate.dialect.MySQLDialect instead
2026-03-26T07:45:20.084+05:30  INFO 7144 --- [demo] [           main] o.h.e.t.j.p.i.JtaPlatformInitiator       : HHH000489: No JTA platform available (set 'hibernate.transaction.jta.platform' to enable JTA platform integration)
2026-03-26T07:45:20.084+05:30  INFO 7144 --- [demo] [           main] j.LocalContainerEntityManagerFactoryBean : Initialized JPA EntityManagerFactory for persistence unit 'default'
2026-03-26T07:45:20.744+05:30  WARN 7144 --- [demo] [           main] JpaBaseConfiguration$JpaWebConfiguration : spring.jpa.open-in-view is enabled by default. Therefore, database queries may be performed during view rendering. Explicitly configure spring.jpa.open-in-view to disable this warning
2026-03-26T07:45:21.052+05:30  INFO 7144 --- [demo] [           main] o.s.s.web.DefaultSecurityFilterChain     : Will secure any request with [org.springframework.security.web.session.DisableEncodeUrlFilter@128ca7af, org.springframework.security.web.context.request.async.WebAsyncManagerIntegrationFilter@3bf52f8f, org.springframework.security.web.context.SecurityContextHolderFilter@294a12b5, org.springframework.security.web.header.HeaderWriterFilter@36e358de, org.springframework.web.filter.CorsFilter@7771c4e, org.springframework.security.web.authentication.logout.LogoutFilter@ecb8b3e, com.example.demo.security.JwtFilter@22dc9d46, org.springframework.security.web.savedrequest.RequestCacheAwareFilter@3606eee9, org.springframework.security.web.servletapi.SecurityContextHolderAwareRequestFilter@1e34840f, org.springframework.security.web.authentication.AnonymousAuthenticationFilter@57d7c511, org.springframework.security.web.session.SessionManagementFilter@167bae0b, org.springframework.security.web.access.ExceptionTranslationFilter@24bba1b7, org.springframework.security.web.access.intercept.AuthorizationFilter@1c512bb]
2026-03-26T07:45:21.357+05:30  WARN 7144 --- [demo] [           main] ConfigServletWebServerApplicationContext : Exception encountered during context initialization - cancelling refresh attempt: org.springframework.context.ApplicationContextException: Failed to start bean 'webServerStartStop'
2026-03-26T07:45:21.359+05:30  INFO 7144 --- [demo] [           main] j.LocalContainerEntityManagerFactoryBean : Closing JPA EntityManagerFactory for persistence unit 'default'
2026-03-26T07:45:21.362+05:30  INFO 7144 --- [demo] [           main] com.zaxxer.hikari.HikariDataSource       : HikariPool-1 - Shutdown initiated...
2026-03-26T07:45:21.376+05:30  INFO 7144 --- [demo] [           main] com.zaxxer.hikari.HikariDataSource       : HikariPool-1 - Shutdown completed.
2026-03-26T07:45:21.396+05:30  INFO 7144 --- [demo] [           main] .s.b.a.l.ConditionEvaluationReportLogger : 

Error starting ApplicationContext. To display the condition evaluation report re-run your application with 'debug' enabled.
2026-03-26T07:45:21.425+05:30 ERROR 7144 --- [demo] [           main] o.s.b.d.LoggingFailureAnalysisReporter   : 

***************************
APPLICATION FAILED TO START
***************************

Description:

Web server failed to start. Port 8081 was already in use.

Action:

Identify and stop the process that's listening on port 8081 or configure this application to listen on another port.

[INFO] ------------------------------------------------------------------------
[INFO] BUILD FAILURE
[INFO] ------------------------------------------------------------------------
[INFO] Total time:  12.489 s
[INFO] Finished at: 2026-03-26T07:45:21+05:30
[INFO] ------------------------------------------------------------------------
[ERROR] Failed to execute goal org.springframework.boot:spring-boot-maven-plugin:3.2.4:run (default-cli) on project demo: Process terminated with exit code: 1 -> [Help 1]
[ERROR] 
[ERROR] To see the full stack trace of the errors, re-run Maven with the -e switch.
[ERROR] Re-run Maven using the -X switch to enable full debug logging.
[ERROR] 
[ERROR] For more information about the errors and possible solutions, please read the following articles:
[ERROR] [Help 1] http://cwiki.apache.org/confluence/display/MAVEN/MojoExecutionException
